<!DOCTYPE html PUBLIC "-//W3C//DTD XHTML 1.1//EN" "http://www.w3.org/TR/xhtml11/DTD/xhtml11.dtd">
<html xmlns="http://www.w3.org/1999/xhtml"><head><title>TestNG Report</title><style type="text/css">table {margin-bottom:10px;border-collapse:collapse;empty-cells:show}th,td {border:1px solid #009;padding:.25em .5em}th {vertical-align:bottom}td {vertical-align:top}table a {font-weight:bold}.stripe td {background-color: #E6EBF9}.num {text-align:right}.passedodd td {background-color: #3F3}.passedeven td {background-color: #0A0}.skippedodd td {background-color: #DDD}.skippedeven td {background-color: #CCC}.failedodd td,.attn {background-color: #F33}.failedeven td,.stripe .attn {background-color: #D00}.stacktrace {white-space:pre;font-family:monospace}.totop {font-size:85%;text-align:center;border-bottom:2px solid #000}</style></head><body><table><tr><th>Test</th><th># Passed</th><th># Skipped</th><th># Failed</th><th>Time (ms)</th><th>Included Groups</th><th>Excluded Groups</th></tr><tr><th colspan="7">Default suite</th></tr><tr><td><a href="#t0">Default test</a></td><td class="num">0</td><td class="num attn">10</td><td class="num">0</td><td class="num">489</td><td></td><td></td></tr></table><table><thead><tr><th>Class</th><th>Method</th><th>Start</th><th>Time (ms)</th></tr></thead><tbody><tr><th colspan="4">Default suite</th></tr></tbody><tbody id="t0"><tr><th colspan="4">Default test &#8212; failed (configuration methods)</th></tr><tr class="failedeven"><td rowspan="1">centrepoint.flow.AppFlowTest</td><td><a href="#m0">launchApplication</a></td><td rowspan="1">1602109748220</td><td rowspan="1">0</td></tr><tr><th colspan="4">Default test &#8212; skipped</th></tr><tr class="skippedeven"><td rowspan="10">centrepoint.flow.AppFlowTest</td><td><a href="#m1">checkoutItems</a></td><td rowspan="1">1602109748702</td><td rowspan="1">1</td></tr><tr class="skippedeven"><td><a href="#m2">clickDepartment</a></td><td rowspan="1">1602109748686</td><td rowspan="1">1</td></tr><tr class="skippedeven"><td><a href="#m3">clickMenuOption</a></td><td rowspan="1">1602109748688</td><td rowspan="1">2</td></tr><tr class="skippedeven"><td><a href="#m4">goBackToShopping</a></td><td rowspan="1">1602109748704</td><td rowspan="1">1</td></tr><tr class="skippedeven"><td><a href="#m5">homePage</a></td><td rowspan="1">1602109748681</td><td rowspan="1">1</td></tr><tr class="skippedeven"><td><a href="#m6">itemInfoList</a></td><td rowspan="1">1602109748694</td><td rowspan="1">3</td></tr><tr class="skippedeven"><td><a href="#m7">selectCountry</a></td><td rowspan="1">1602109748676</td><td rowspan="1">1</td></tr><tr class="skippedeven"><td><a href="#m8">selectHomeFurniture</a></td><td rowspan="1">1602109748691</td><td rowspan="1">2</td></tr><tr class="skippedeven"><td><a href="#m9">selectedItem</a></td><td rowspan="1">1602109748699</td><td rowspan="1">2</td></tr><tr class="skippedeven"><td><a href="#m10">startShopping</a></td><td rowspan="1">1602109748679</td><td rowspan="1">1</td></tr></tbody></table><h2>Default test</h2><h3 id="m0">centrepoint.flow.AppFlowTest#launchApplication</h3><table class="result"><tr><th>Exception</th></tr><tr><td><div class="stacktrace">org.openqa.selenium.remote.UnreachableBrowserException: Could not start a new session. Possible causes are invalid address of the remote server or browser start-up failure.
Build info: version: &apos;2.46.0&apos;, revision: &apos;61506a4624b13675f24581e453592342b7485d71&apos;, time: &apos;2015-06-04 10:22:50&apos;
System info: host: &apos;Palaks-Air&apos;, ip: &apos;192.168.0.107&apos;, os.name: &apos;Mac OS X&apos;, os.arch: &apos;x86_64&apos;, os.version: &apos;10.15.7&apos;, java.version: &apos;14.0.2&apos;
Driver info: driver.version: AndroidDriver
	at org.openqa.selenium.remote.RemoteWebDriver.execute(RemoteWebDriver.java:599)
	at io.appium.java_client.DefaultGenericMobileDriver.execute(DefaultGenericMobileDriver.java:27)
	at io.appium.java_client.AppiumDriver.execute(AppiumDriver.java:1)
	at io.appium.java_client.android.AndroidDriver.execute(AndroidDriver.java:1)
	at org.openqa.selenium.remote.RemoteWebDriver.startSession(RemoteWebDriver.java:242)
	at org.openqa.selenium.remote.RemoteWebDriver.&lt;init&gt;(RemoteWebDriver.java:128)
	at org.openqa.selenium.remote.RemoteWebDriver.&lt;init&gt;(RemoteWebDriver.java:155)
	at io.appium.java_client.DefaultGenericMobileDriver.&lt;init&gt;(DefaultGenericMobileDriver.java:22)
	at io.appium.java_client.AppiumDriver.&lt;init&gt;(AppiumDriver.java:202)
	at io.appium.java_client.android.AndroidDriver.&lt;init&gt;(AndroidDriver.java:50)
	at driver.initialisation.DriverInitialisation.launchApp(DriverInitialisation.java:42)
	at centrepoint.flow.AppFlowTest.launchApplication(AppFlowTest.java:30)
	at java.base/jdk.internal.reflect.NativeMethodAccessorImpl.invoke0(Native Method)
	at java.base/jdk.internal.reflect.NativeMethodAccessorImpl.invoke(NativeMethodAccessorImpl.java:62)
	at java.base/jdk.internal.reflect.DelegatingMethodAccessorImpl.invoke(DelegatingMethodAccessorImpl.java:43)
	at java.base/java.lang.reflect.Method.invoke(Method.java:564)
	at org.testng.internal.MethodInvocationHelper.invokeMethod(MethodInvocationHelper.java:85)
	at org.testng.internal.Invoker.invokeConfigurationMethod(Invoker.java:510)
	at org.testng.internal.Invoker.invokeConfigurations(Invoker.java:211)
	at org.testng.internal.Invoker.invokeConfigurations(Invoker.java:138)
	at org.testng.TestRunner.beforeRun(TestRunner.java:648)
	at org.testng.TestRunner.run(TestRunner.java:616)
	at org.testng.SuiteRunner.runTest(SuiteRunner.java:359)
	at org.testng.SuiteRunner.runSequentially(SuiteRunner.java:354)
	at org.testng.SuiteRunner.privateRun(SuiteRunner.java:312)
	at org.testng.SuiteRunner.run(SuiteRunner.java:261)
	at org.testng.SuiteRunnerWorker.runSuite(SuiteRunnerWorker.java:52)
	at org.testng.SuiteRunnerWorker.run(SuiteRunnerWorker.java:86)
	at org.testng.TestNG.runSuitesSequentially(TestNG.java:1215)
	at org.testng.TestNG.runSuitesLocally(TestNG.java:1140)
	at org.testng.TestNG.run(TestNG.java:1048)
	at org.testng.remote.AbstractRemoteTestNG.run(AbstractRemoteTestNG.java:115)
	at org.testng.remote.RemoteTestNG.initAndRun(RemoteTestNG.java:251)
	at org.testng.remote.RemoteTestNG.main(RemoteTestNG.java:77)
Caused by: org.apache.http.conn.HttpHostConnectException: Connect to 0.0.0.0:4723 [/0.0.0.0] failed: Connection refused
	at org.apache.http.impl.conn.HttpClientConnectionOperator.connect(HttpClientConnectionOperator.java:140)
	at org.apache.http.impl.conn.PoolingHttpClientConnectionManager.connect(PoolingHttpClientConnectionManager.java:314)
	at org.apache.http.impl.execchain.MainClientExec.establishRoute(MainClientExec.java:363)
	at org.apache.http.impl.execchain.MainClientExec.execute(MainClientExec.java:219)
	at org.apache.http.impl.execchain.ProtocolExec.execute(ProtocolExec.java:195)
	at org.apache.http.impl.execchain.RetryExec.execute(RetryExec.java:86)
	at org.apache.http.impl.execchain.RedirectExec.execute(RedirectExec.java:108)
	at org.apache.http.impl.client.InternalHttpClient.doExecute(InternalHttpClient.java:186)
	at org.apache.http.impl.client.CloseableHttpClient.execute(CloseableHttpClient.java:72)
	at org.apache.http.impl.client.CloseableHttpClient.execute(CloseableHttpClient.java:57)
	at org.openqa.selenium.remote.internal.ApacheHttpClient.fallBackExecute(ApacheHttpClient.java:143)
	at org.openqa.selenium.remote.internal.ApacheHttpClient.execute(ApacheHttpClient.java:89)
	at org.openqa.selenium.remote.HttpCommandExecutor.execute(HttpCommandExecutor.java:134)
	at org.openqa.selenium.remote.RemoteWebDriver.execute(RemoteWebDriver.java:578)
	... 33 more
Caused by: java.net.ConnectException: Connection refused
	at java.base/sun.nio.ch.Net.pollConnect(Native Method)
	at java.base/sun.nio.ch.Net.pollConnectNow(Net.java:589)
	at java.base/sun.nio.ch.NioSocketImpl.timedFinishConnect(NioSocketImpl.java:542)
	at java.base/sun.nio.ch.NioSocketImpl.connect(NioSocketImpl.java:597)
	at java.base/java.net.SocksSocketImpl.connect(SocksSocketImpl.java:333)
	at java.base/java.net.Socket.connect(Socket.java:648)
	at org.apache.http.conn.socket.PlainConnectionSocketFactory.connectSocket(PlainConnectionSocketFactory.java:72)
	at org.apache.http.impl.conn.HttpClientConnectionOperator.connect(HttpClientConnectionOperator.java:117)
	... 46 more
</div></td></tr></table><p class="totop"><a href="#summary">back to summary</a></p><h3 id="m1">centrepoint.flow.AppFlowTest#checkoutItems</h3><table class="result"></table><p class="totop"><a href="#summary">back to summary</a></p><h3 id="m2">centrepoint.flow.AppFlowTest#clickDepartment</h3><table class="result"></table><p class="totop"><a href="#summary">back to summary</a></p><h3 id="m3">centrepoint.flow.AppFlowTest#clickMenuOption</h3><table class="result"></table><p class="totop"><a href="#summary">back to summary</a></p><h3 id="m4">centrepoint.flow.AppFlowTest#goBackToShopping</h3><table class="result"></table><p class="totop"><a href="#summary">back to summary</a></p><h3 id="m5">centrepoint.flow.AppFlowTest#homePage</h3><table class="result"></table><p class="totop"><a href="#summary">back to summary</a></p><h3 id="m6">centrepoint.flow.AppFlowTest#itemInfoList</h3><table class="result"></table><p class="totop"><a href="#summary">back to summary</a></p><h3 id="m7">centrepoint.flow.AppFlowTest#selectCountry</h3><table class="result"></table><p class="totop"><a href="#summary">back to summary</a></p><h3 id="m8">centrepoint.flow.AppFlowTest#selectHomeFurniture</h3><table class="result"></table><p class="totop"><a href="#summary">back to summary</a></p><h3 id="m9">centrepoint.flow.AppFlowTest#selectedItem</h3><table class="result"></table><p class="totop"><a href="#summary">back to summary</a></p><h3 id="m10">centrepoint.flow.AppFlowTest#startShopping</h3><table class="result"></table><p class="totop"><a href="#summary">back to summary</a></p></body></html>